16:27:36 03.01.2021: Файл settings.txt успешно создан
16:27:36 03.01.2021: Файл file.log успешно создан
16:27:36 03.01.2021: Чат начал работу.
16:27:36 03.01.2021 Петя вошёл в чат.
16:27:36 03.01.2021 Петя: привет
16:27:36 03.01.2021 Петя вошёл в чат.
16:27:36 03.01.2021 Петя: null
16:27:36 03.01.2021 Петя: null
16:29:08 03.01.2021: Файл settings.txt успешно создан
16:29:08 03.01.2021: Файл file.log успешно создан
16:29:08 03.01.2021: Чат начал работу.
16:29:08 03.01.2021 Петя вошёл в чат.
16:29:08 03.01.2021 Петя: привет
16:29:08 03.01.2021 Петя вошёл в чат.
16:29:08 03.01.2021 Вася вошёл в чат.
16:29:08 03.01.2021 Вася: null
16:29:08 03.01.2021 Петя: null
16:29:08 03.01.2021 Петя: null
16:32:33 03.01.2021: Файл settings.txt успешно создан
16:32:33 03.01.2021: Файл file.log успешно создан
16:32:33 03.01.2021: Чат начал работу.
16:32:33 03.01.2021 Петя вошёл в чат.
16:32:33 03.01.2021 Петя: привет
16:32:33 03.01.2021 Петя вошёл в чат.
16:32:33 03.01.2021 Петя: null
16:32:33 03.01.2021 Петя: null
16:37:25 03.01.2021: Файл settings.txt успешно создан
16:37:25 03.01.2021: Файл file.log успешно создан
16:37:25 03.01.2021: Чат начал работу.
16:37:25 03.01.2021 Петя вошёл в чат.
16:37:25 03.01.2021 Петя: привет
16:37:25 03.01.2021 Петя вошёл в чат.
16:37:25 03.01.2021 Петя: null
16:37:25 03.01.2021 Петя: null
16:40:24 03.01.2021: Файл settings.txt успешно создан
16:40:24 03.01.2021: Файл file.log успешно создан
16:40:24 03.01.2021: Чат начал работу.
16:40:24 03.01.2021 Вася вошёл в чат.
16:40:24 03.01.2021 Вася: привет
16:40:24 03.01.2021 Вася вошёл в чат.
16:40:24 03.01.2021 Вася: null
16:40:24 03.01.2021 Вася: null
16:43:12 03.01.2021: Файл settings.txt успешно создан
16:43:12 03.01.2021: Файл file.log успешно создан
16:43:12 03.01.2021: Чат начал работу.
16:43:12 03.01.2021 John вошёл в чат.
16:43:12 03.01.2021 John: hi
16:43:12 03.01.2021 John вошёл в чат.
16:43:12 03.01.2021 John: null
16:43:12 03.01.2021 John: null
16:45:43 03.01.2021: Файл settings.txt успешно создан
16:45:43 03.01.2021: Файл file.log успешно создан
16:45:43 03.01.2021: Чат начал работу.
16:45:43 03.01.2021 Петя вошёл в чат.
16:45:43 03.01.2021 Петя: привет
16:45:43 03.01.2021 Петя вошёл в чат.
16:45:43 03.01.2021 Петя: null
16:45:43 03.01.2021 Петя: null
16:54:25 03.01.2021: Файл settings.txt успешно создан
16:54:25 03.01.2021: Файл file.log успешно создан
16:54:25 03.01.2021: Чат начал работу.
16:54:25 03.01.2021 null вошёл в чат.
16:55:06 03.01.2021: Файл settings.txt успешно создан
16:55:06 03.01.2021: Файл file.log успешно создан
16:55:06 03.01.2021: Чат начал работу.
16:55:06 03.01.2021 Петр вошёл в чат.
16:55:06 03.01.2021 Петр: привет
16:55:06 03.01.2021 Петр: пока
16:55:06 03.01.2021 Петр вошёл в чат.
16:55:06 03.01.2021 Петр: null
16:55:06 03.01.2021 Петр: null
16:57:23 03.01.2021: Файл settings.txt успешно создан
16:57:23 03.01.2021: Файл file.log успешно создан
16:57:23 03.01.2021: Чат начал работу.
16:57:23 03.01.2021 Вася вошёл в чат.
16:57:23 03.01.2021 Вася: привет
16:57:23 03.01.2021 Петя вошёл в чат.
16:57:23 03.01.2021 Петя: null
16:57:23 03.01.2021 Вася: null
16:59:37 03.01.2021: Файл settings.txt успешно создан
16:59:37 03.01.2021: Файл file.log успешно создан
16:59:37 03.01.2021: Чат начал работу.
16:59:37 03.01.2021 Петя вошёл в чат.
16:59:37 03.01.2021 Петя: привет
16:59:37 03.01.2021 Петя вошёл в чат.
16:59:37 03.01.2021 Петя: null
16:59:37 03.01.2021 Петя: null
17:05:39 03.01.2021: Файл settings.txt успешно создан
17:05:39 03.01.2021: Файл file.log успешно создан
17:05:39 03.01.2021: Чат начал работу.
17:05:39 03.01.2021 Петя вошёл в чат.
17:05:39 03.01.2021 Петя: приев
17:05:39 03.01.2021 Петя вошёл в чат.
17:05:39 03.01.2021 Петя: null
17:05:39 03.01.2021 Петя: null
17:08:00 03.01.2021: Файл settings.txt успешно создан
17:08:00 03.01.2021: Файл file.log успешно создан
17:08:00 03.01.2021: Чат начал работу.
17:08:00 03.01.2021 Петя вошёл в чат.
17:08:00 03.01.2021 Петя: привет
17:08:00 03.01.2021 Петя вошёл в чат.
17:08:00 03.01.2021 Вася вошёл в чат.
17:08:00 03.01.2021 Вася: null
17:08:00 03.01.2021 Петя: null
17:08:00 03.01.2021 Петя: null
17:14:10 03.01.2021: Файл settings.txt успешно создан
17:14:10 03.01.2021: Файл file.log успешно создан
17:14:10 03.01.2021: Чат начал работу.
17:14:10 03.01.2021 Петя вошёл в чат.
17:14:10 03.01.2021 Вася вошёл в чат.
17:14:10 03.01.2021 Вася: null
17:14:10 03.01.2021 Петя: null
17:16:56 03.01.2021: Файл settings.txt успешно создан
17:16:56 03.01.2021: Файл file.log успешно создан
17:16:56 03.01.2021: Чат начал работу.
17:16:56 03.01.2021 Петя вошёл в чат.
17:16:56 03.01.2021 Петя: привет
17:16:56 03.01.2021 Петя вошёл в чат.
17:16:56 03.01.2021 Петя: null
17:16:56 03.01.2021 Петя: null
17:32:27 03.01.2021: Файл settings.txt успешно создан
17:32:27 03.01.2021: Файл file.log успешно создан
17:32:27 03.01.2021: Чат начал работу.
17:32:27 03.01.2021 петя вошёл в чат.
17:32:27 03.01.2021 петя: привет
17:32:27 03.01.2021 петя вошёл в чат.
17:32:27 03.01.2021 петя: null
17:32:27 03.01.2021 петя: null
17:34:43 03.01.2021: Файл settings.txt успешно создан
17:34:43 03.01.2021: Файл file.log успешно создан
17:34:43 03.01.2021: Чат начал работу.
17:34:43 03.01.2021 петя вошёл в чат.
17:34:43 03.01.2021 петя: привет
17:34:43 03.01.2021 петя вошёл в чат.
17:34:43 03.01.2021 петя: null
17:34:43 03.01.2021 петя: null
17:43:38 03.01.2021: Файл settings.txt успешно создан
17:43:38 03.01.2021: Файл file.log успешно создан
17:43:38 03.01.2021: Чат начал работу.
17:43:38 03.01.2021 Петя вошёл в чат.
17:43:38 03.01.2021 Петя: привет
17:43:38 03.01.2021 Петя вошёл в чат.
17:43:38 03.01.2021 Петя: null
17:43:38 03.01.2021 Петя: null
18:11:22 03.01.2021: Файл settings.txt успешно создан
18:11:22 03.01.2021: Файл file.log успешно создан
18:11:22 03.01.2021: Чат начал работу.
18:11:22 03.01.2021 Петя вошёл в чат.
18:11:22 03.01.2021 Вася вошёл в чат.
18:11:22 03.01.2021 Петя: привет
18:11:22 03.01.2021 Вася: null
18:11:22 03.01.2021 Петя: null
19:02:05 03.01.2021: Файл settings.txt успешно создан
19:02:05 03.01.2021: Файл file.log успешно создан
19:02:05 03.01.2021: Чат начал работу.
19:02:05 03.01.2021 Коля вошёл в чат.
19:02:05 03.01.2021 Коля: привет
19:02:05 03.01.2021 Коля вошёл в чат.
19:02:05 03.01.2021 Петя вошёл в чат.
19:02:05 03.01.2021 Петя: null
19:02:05 03.01.2021 Коля: null
19:02:05 03.01.2021 Коля: null
19:06:34 03.01.2021: Файл settings.txt успешно создан
19:06:34 03.01.2021: Файл file.log успешно создан
19:06:34 03.01.2021: Чат начал работу.
19:06:34 03.01.2021 null вошёл в чат.
19:11:27 03.01.2021: Файл settings.txt успешно создан
19:11:27 03.01.2021: Файл file.log успешно создан
19:11:27 03.01.2021: Чат начал работу.
19:11:27 03.01.2021 null вошёл в чат.
19:12:30 03.01.2021: Файл settings.txt успешно создан
19:12:30 03.01.2021: Файл file.log успешно создан
19:12:30 03.01.2021: Чат начал работу.
19:12:30 03.01.2021 Петя вошёл в чат.
19:12:30 03.01.2021 Петя: привет
19:12:30 03.01.2021 Петя вошёл в чат.
19:12:30 03.01.2021 Петя: null
19:12:30 03.01.2021 Петя: null
19:15:34 03.01.2021: Файл settings.txt успешно создан
19:15:34 03.01.2021: Файл file.log успешно создан
19:15:34 03.01.2021: Чат начал работу.
19:15:34 03.01.2021 null вошёл в чат.
19:20:45 03.01.2021: Файл settings.txt успешно создан
19:20:45 03.01.2021: Файл file.log успешно создан
19:20:45 03.01.2021: Чат начал работу.
19:20:45 03.01.2021 Петя вошёл в чат.
19:20:45 03.01.2021 Петя: привет
19:20:45 03.01.2021 Вася вошёл в чат.
19:20:45 03.01.2021 Вася: null
19:20:45 03.01.2021 Петя: null
19:22:10 03.01.2021: Файл settings.txt успешно создан
19:22:10 03.01.2021: Файл file.log успешно создан
19:22:10 03.01.2021: Чат начал работу.
19:22:10 03.01.2021 Вася вошёл в чат.
19:22:10 03.01.2021 Вася: привет
19:22:10 03.01.2021 Вася: как дела
19:22:10 03.01.2021 Коля вошёл в чат.
19:22:10 03.01.2021 Вася: 
19:22:10 03.01.2021 Вася: ого
19:22:10 03.01.2021 Коля: 
19:22:10 03.01.2021 Коля: сам
19:22:10 03.01.2021 Коля: такой
19:22:10 03.01.2021 Коля покинул чат.
19:22:10 03.01.2021 Вася: 
19:22:10 03.01.2021 Вася: ого-го
19:22:10 03.01.2021 Вася покинул чат.
19:25:27 03.01.2021: Файл settings.txt успешно создан
19:25:27 03.01.2021: Файл file.log успешно создан
19:25:27 03.01.2021: Чат начал работу.
19:25:27 03.01.2021 Петя вошёл в чат.
19:25:27 03.01.2021 Коля вошёл в чат.
19:25:27 03.01.2021 Петя вошёл в чат.
19:25:27 03.01.2021 Петя: null
19:25:27 03.01.2021 Коля: null
19:25:27 03.01.2021 Петя: null
19:30:51 03.01.2021: Файл settings.txt успешно создан
19:30:51 03.01.2021: Файл file.log успешно создан
19:30:51 03.01.2021: Чат начал работу.
19:30:51 03.01.2021 петя вошёл в чат.
19:30:51 03.01.2021 петя: привет
19:30:51 03.01.2021 петя вошёл в чат.
19:30:51 03.01.2021 петя: пока
19:30:51 03.01.2021 петя: null
19:30:51 03.01.2021 петя: null
23:19:19 03.01.2021: Файл settings.txt успешно создан
23:19:19 03.01.2021: Файл file.log успешно создан
23:19:19 03.01.2021: Чат начал работу.
23:19:19 03.01.2021 Петя вошёл в чат.
23:19:19 03.01.2021 Петя: привет
23:19:19 03.01.2021 Петя вошёл в чат.
23:19:19 03.01.2021 Петя: null
23:19:19 03.01.2021 Петя: null
10:13:37 04.01.2021: Файл settings.txt успешно создан
10:13:37 04.01.2021: Файл file.log успешно создан
10:13:37 04.01.2021: Чат начал работу.
10:13:43 04.01.2021: Файл settings.txt успешно создан
10:13:43 04.01.2021: Файл file.log успешно создан
10:13:37 04.01.2021 Петя вошёл в чат.
10:13:37 04.01.2021 Петя: привет
10:13:37 04.01.2021 Петя вошёл в чат.
10:13:37 04.01.2021 Петя: привет
10:13:37 04.01.2021 Петя: null
10:13:37 04.01.2021 Петя: null
10:19:11 04.01.2021: Файл settings.txt успешно создан
10:19:11 04.01.2021: Файл file.log успешно создан
10:19:11 04.01.2021: Чат начал работу.
10:19:11 04.01.2021 Петя вошёл в чат.
10:19:11 04.01.2021 Петя: привет
10:19:11 04.01.2021 Коля вошёл в чат.
10:19:11 04.01.2021 Коля: привет
10:19:11 04.01.2021 Коля: null
10:19:11 04.01.2021 null вошёл в чат.
10:19:11 04.01.2021 Петя: null
10:32:14 04.01.2021: Файл settings.txt успешно создан
10:32:14 04.01.2021: Файл file.log успешно создан
10:32:14 04.01.2021: Чат начал работу.
10:32:14 04.01.2021 Петя вошёл в чат.
10:33:46 04.01.2021: Файл settings.txt успешно создан
10:33:46 04.01.2021: Файл file.log успешно создан
10:33:46 04.01.2021: Чат начал работу.
10:33:46 04.01.2021  Gtnz вошёл в чат.
10:34:53 04.01.2021: Файл settings.txt успешно создан
10:34:53 04.01.2021: Файл file.log успешно создан
10:34:53 04.01.2021: Чат начал работу.
10:34:53 04.01.2021 Петя вошёл в чат.
10:40:12 04.01.2021: Файл settings.txt успешно создан
10:40:12 04.01.2021: Файл file.log успешно создан
10:40:12 04.01.2021: Чат начал работу.
10:40:12 04.01.2021 Петя вошёл в чат.
10:40:12 04.01.2021 Вася вошёл в чат.
10:40:12 04.01.2021 null вошёл в чат.
10:40:12 04.01.2021 Вася: null
10:40:12 04.01.2021 Петя: null
10:50:52 04.01.2021: Файл settings.txt успешно создан
10:50:52 04.01.2021: Файл file.log успешно создан
10:50:52 04.01.2021: Чат начал работу.
10:50:52 04.01.2021 Петя вошёл в чат.
10:50:52 04.01.2021 Петя: привет
10:50:52 04.01.2021  Коля вошёл в чат.
10:50:52 04.01.2021  Коля: пока
10:50:52 04.01.2021  Коля покинул чат.
10:50:52 04.01.2021 Петя: null
11:31:08 04.01.2021: Файл settings.txt успешно создан
11:31:08 04.01.2021: Файл file.log успешно создан
11:31:08 04.01.2021: Чат начал работу.
11:31:08 04.01.2021 Петя вошёл в чат.
11:31:08 04.01.2021 Петя: привет
11:31:08 04.01.2021 Коля вошёл в чат.
11:31:08 04.01.2021 Коля: привет
11:31:08 04.01.2021 Вася вошёл в чат.
11:31:08 04.01.2021 Вася покинул чат.
11:31:08 04.01.2021 Коля покинул чат.
11:31:08 04.01.2021 Петя покинул чат.
